<?xml version="1.0" encoding="UTF-8"?>
<testsuite xmlns:xsi="http://www.w3.org/2001/XMLSchema-instance" xsi:noNamespaceSchemaLocation="https://maven.apache.org/surefire/maven-surefire-plugin/xsd/surefire-test-report.xsd" version="3.0.2" name="com.example.Mini2ApplicationTests" time="6.116" tests="10" errors="0" skipped="0" failures="0">
  <properties>
[...]
</properties>
  <testcase name="testControllerFindRatingsByNonExistingEntity" classname="com.example.Mini2ApplicationTests" time="0.75">
    <system-out><![CDATA[02:45:22.841 [main] INFO org.springframework.test.context.support.AnnotationConfigContextLoaderUtils -- Could not detect default configuration classes for test class [com.example.Mini2ApplicationTests]: Mini2ApplicationTests does not declare any static, non-private, non-final, nested classes annotated with @Configuration.
02:45:22.949 [main] INFO org.springframework.boot.test.context.SpringBootTestContextBootstrapper -- Found @SpringBootConfiguration com.example.Application for test class com.example.Mini2ApplicationTests

  .   ____          _            __ _ _
 /\\ / ___'_ __ _ _(_)_ __  __ _ \ \ \ \
( ( )\___ | '_ | '_| | '_ \/ _` | \ \ \ \
 \\/  ___)| |_)| | | | | || (_| |  ) ) ) )
  '  |____| .__|_| |_|_| |_\__, | / / / /
 =========|_|==============|___/=/_/_/_/

 :: Spring Boot ::                (v3.4.4)

2025-04-23T02:45:23.333+02:00  INFO 26448 --- [mini-project-2] [           main] com.example.Mini2ApplicationTests        : Starting Mini2ApplicationTests using Java 23.0.2 with PID 26448 (started by DELL in D:\Work\ACL Scalable\Mini-Project 2)
2025-04-23T02:45:23.335+02:00  INFO 26448 --- [mini-project-2] [           main] com.example.Mini2ApplicationTests        : No active profile set, falling back to 1 default profile: "default"
2025-04-23T02:45:23.945+02:00  INFO 26448 --- [mini-project-2] [           main] .s.d.r.c.RepositoryConfigurationDelegate : Multiple Spring Data modules found, entering strict repository configuration mode
2025-04-23T02:45:23.947+02:00  INFO 26448 --- [mini-project-2] [           main] .s.d.r.c.RepositoryConfigurationDelegate : Bootstrapping Spring Data JPA repositories in DEFAULT mode.
2025-04-23T02:45:23.989+02:00  INFO 26448 --- [mini-project-2] [           main] .RepositoryConfigurationExtensionSupport : Spring Data JPA - Could not safely identify store assignment for repository candidate interface com.example.miniapp.repositories.RatingRepository; If you want this repository to be a JPA repository, consider annotating your entities with one of these annotations: jakarta.persistence.Entity, jakarta.persistence.MappedSuperclass (preferred), or consider extending one of the following types with your repository: org.springframework.data.jpa.repository.JpaRepository
2025-04-23T02:45:24.007+02:00  INFO 26448 --- [mini-project-2] [           main] .s.d.r.c.RepositoryConfigurationDelegate : Finished Spring Data repository scanning in 52 ms. Found 4 JPA repository interfaces.
2025-04-23T02:45:24.035+02:00  INFO 26448 --- [mini-project-2] [           main] .s.d.r.c.RepositoryConfigurationDelegate : Multiple Spring Data modules found, entering strict repository configuration mode
2025-04-23T02:45:24.035+02:00  INFO 26448 --- [mini-project-2] [           main] .s.d.r.c.RepositoryConfigurationDelegate : Bootstrapping Spring Data MongoDB repositories in DEFAULT mode.
2025-04-23T02:45:24.043+02:00  INFO 26448 --- [mini-project-2] [           main] .RepositoryConfigurationExtensionSupport : Spring Data MongoDB - Could not safely identify store assignment for repository candidate interface com.example.miniapp.repositories.CaptainRepository; If you want this repository to be a MongoDB repository, consider annotating your entities with one of these annotations: org.springframework.data.mongodb.core.mapping.Document (preferred), or consider extending one of the following types with your repository: org.springframework.data.mongodb.repository.MongoRepository
2025-04-23T02:45:24.044+02:00  INFO 26448 --- [mini-project-2] [           main] .RepositoryConfigurationExtensionSupport : Spring Data MongoDB - Could not safely identify store assignment for repository candidate interface com.example.miniapp.repositories.CustomerRepository; If you want this repository to be a MongoDB repository, consider annotating your entities with one of these annotations: org.springframework.data.mongodb.core.mapping.Document (preferred), or consider extending one of the following types with your repository: org.springframework.data.mongodb.repository.MongoRepository
2025-04-23T02:45:24.044+02:00  INFO 26448 --- [mini-project-2] [           main] .RepositoryConfigurationExtensionSupport : Spring Data MongoDB - Could not safely identify store assignment for repository candidate interface com.example.miniapp.repositories.PaymentRepository; If you want this repository to be a MongoDB repository, consider annotating your entities with one of these annotations: org.springframework.data.mongodb.core.mapping.Document (preferred), or consider extending one of the following types with your repository: org.springframework.data.mongodb.repository.MongoRepository
2025-04-23T02:45:24.045+02:00  INFO 26448 --- [mini-project-2] [           main] .RepositoryConfigurationExtensionSupport : Spring Data MongoDB - Could not safely identify store assignment for repository candidate interface com.example.miniapp.repositories.TripRepository; If you want this repository to be a MongoDB repository, consider annotating your entities with one of these annotations: org.springframework.data.mongodb.core.mapping.Document (preferred), or consider extending one of the following types with your repository: org.springframework.data.mongodb.repository.MongoRepository
2025-04-23T02:45:24.049+02:00  INFO 26448 --- [mini-project-2] [           main] .s.d.r.c.RepositoryConfigurationDelegate : Finished Spring Data repository scanning in 12 ms. Found 1 MongoDB repository interface.
2025-04-23T02:45:24.569+02:00  INFO 26448 --- [mini-project-2] [           main] o.hibernate.jpa.internal.util.LogHelper  : HHH000204: Processing PersistenceUnitInfo [name: default]
2025-04-23T02:45:24.627+02:00  INFO 26448 --- [mini-project-2] [           main] org.hibernate.Version                    : HHH000412: Hibernate ORM core version 6.6.11.Final
2025-04-23T02:45:24.657+02:00  INFO 26448 --- [mini-project-2] [           main] o.h.c.internal.RegionFactoryInitiator    : HHH000026: Second-level cache disabled
2025-04-23T02:45:24.924+02:00  INFO 26448 --- [mini-project-2] [           main] o.s.o.j.p.SpringPersistenceUnitInfo      : No LoadTimeWeaver setup: ignoring JPA class transformer
2025-04-23T02:45:24.953+02:00  INFO 26448 --- [mini-project-2] [           main] com.zaxxer.hikari.HikariDataSource       : HikariPool-1 - Starting...
2025-04-23T02:45:25.132+02:00  INFO 26448 --- [mini-project-2] [           main] com.zaxxer.hikari.pool.HikariPool        : HikariPool-1 - Added connection org.postgresql.jdbc.PgConnection@b70fa38
2025-04-23T02:45:25.134+02:00  INFO 26448 --- [mini-project-2] [           main] com.zaxxer.hikari.HikariDataSource       : HikariPool-1 - Start completed.
2025-04-23T02:45:25.210+02:00  WARN 26448 --- [mini-project-2] [           main] org.hibernate.orm.deprecation            : HHH90000025: PostgreSQLDialect does not need to be specified explicitly using 'hibernate.dialect' (remove the property setting and it will be selected by default)
2025-04-23T02:45:25.232+02:00  INFO 26448 --- [mini-project-2] [           main] org.hibernate.orm.connections.pooling    : HHH10001005: Database info:
	Database JDBC URL [Connecting through datasource 'HikariDataSource (HikariPool-1)']
	Database driver: undefined/unknown
	Database version: 17.4
	Autocommit mode: undefined/unknown
	Isolation level: undefined/unknown
	Minimum pool size: undefined/unknown
	Maximum pool size: undefined/unknown
2025-04-23T02:45:25.988+02:00  INFO 26448 --- [mini-project-2] [           main] o.h.e.t.j.p.i.JtaPlatformInitiator       : HHH000489: No JTA platform available (set 'hibernate.transaction.jta.platform' to enable JTA platform integration)
Hibernate: 
    set client_min_messages = WARNING
Hibernate: 
    alter table if exists payments 
       drop constraint if exists FKk1k4eds595iabbddfl58901jm
Hibernate: 
    alter table if exists trips 
       drop constraint if exists FKg9rsgwy9g2gtwtjw142wlgo97
Hibernate: 
    alter table if exists trips 
       drop constraint if exists FKnghaxh3sjtlbwd9a1oag294q0
Hibernate: 
    drop table if exists captains cascade
Hibernate: 
    drop table if exists customers cascade
Hibernate: 
    drop table if exists payments cascade
Hibernate: 
    drop table if exists trips cascade
Hibernate: 
    create table captains (
        avg_rating_score float(53) not null,
        id bigint generated by default as identity,
        license_number varchar(255),
        name varchar(255),
        primary key (id)
    )
Hibernate: 
    create table customers (
        id bigint generated by default as identity,
        email varchar(255),
        name varchar(255),
        phone_number varchar(255),
        primary key (id)
    )
Hibernate: 
    create table payments (
        amount float(53) not null,
        payment_status boolean not null,
        id bigint generated by default as identity,
        trip_id bigint not null unique,
        payment_method varchar(255),
        primary key (id)
    )
Hibernate: 
    create table trips (
        trip_cost float(53) not null,
        captain_id bigint,
        customer_id bigint,
        id bigint generated by default as identity,
        trip_date timestamp(6),
        destination varchar(255),
        origin varchar(255),
        primary key (id)
    )
Hibernate: 
    alter table if exists payments 
       add constraint FKk1k4eds595iabbddfl58901jm 
       foreign key (trip_id) 
       references trips
Hibernate: 
    alter table if exists trips 
       add constraint FKg9rsgwy9g2gtwtjw142wlgo97 
       foreign key (captain_id) 
       references captains
Hibernate: 
    alter table if exists trips 
       add constraint FKnghaxh3sjtlbwd9a1oag294q0 
       foreign key (customer_id) 
       references customers
2025-04-23T02:45:26.039+02:00  INFO 26448 --- [mini-project-2] [           main] j.LocalContainerEntityManagerFactoryBean : Initialized JPA EntityManagerFactory for persistence unit 'default'
2025-04-23T02:45:26.362+02:00  INFO 26448 --- [mini-project-2] [           main] o.s.d.j.r.query.QueryEnhancerFactory     : Hibernate is in classpath; If applicable, HQL parser will be used.
2025-04-23T02:45:26.551+02:00  INFO 26448 --- [mini-project-2] [           main] org.mongodb.driver.client                : MongoClient with metadata {"driver": {"name": "mongo-java-driver|sync|spring-boot", "version": "5.2.1"}, "os": {"type": "Windows", "name": "Windows 10", "architecture": "amd64", "version": "10.0"}, "platform": "Java/Oracle Corporation/23.0.2+7-58"} created with settings MongoClientSettings{readPreference=primary, writeConcern=WriteConcern{w=null, wTimeout=null ms, journal=null}, retryWrites=true, retryReads=true, readConcern=ReadConcern{level=null}, credential=MongoCredential{mechanism=null, userName='admin', source='admin', password=<hidden>, mechanismProperties=<hidden>}, transportSettings=null, commandListeners=[], codecRegistry=ProvidersCodecRegistry{codecProviders=[ValueCodecProvider{}, BsonValueCodecProvider{}, DBRefCodecProvider{}, DBObjectCodecProvider{}, DocumentCodecProvider{}, CollectionCodecProvider{}, IterableCodecProvider{}, MapCodecProvider{}, GeoJsonCodecProvider{}, GridFSFileCodecProvider{}, Jsr310CodecProvider{}, JsonObjectCodecProvider{}, BsonCodecProvider{}, EnumCodecProvider{}, com.mongodb.client.model.mql.ExpressionCodecProvider@30b29f55, com.mongodb.Jep395RecordCodecProvider@3eadfbbb, com.mongodb.KotlinCodecProvider@550e7ef6]}, loggerSettings=LoggerSettings{maxDocumentLength=1000}, clusterSettings={hosts=[localhost:27017], srvServiceName=mongodb, mode=SINGLE, requiredClusterType=UNKNOWN, requiredReplicaSetName='null', serverSelector='null', clusterListeners='[]', serverSelectionTimeout='30000 ms', localThreshold='15 ms'}, socketSettings=SocketSettings{connectTimeoutMS=10000, readTimeoutMS=0, receiveBufferSize=0, proxySettings=ProxySettings{host=null, port=null, username=null, password=null}}, heartbeatSocketSettings=SocketSettings{connectTimeoutMS=10000, readTimeoutMS=10000, receiveBufferSize=0, proxySettings=ProxySettings{host=null, port=null, username=null, password=null}}, connectionPoolSettings=ConnectionPoolSettings{maxSize=100, minSize=0, maxWaitTimeMS=120000, maxConnectionLifeTimeMS=0, maxConnectionIdleTimeMS=0, maintenanceInitialDelayMS=0, maintenanceFrequencyMS=60000, connectionPoolListeners=[], maxConnecting=2}, serverSettings=ServerSettings{heartbeatFrequencyMS=10000, minHeartbeatFrequencyMS=500, serverMonitoringMode=AUTO, serverListeners='[]', serverMonitorListeners='[]'}, sslSettings=SslSettings{enabled=false, invalidHostNameAllowed=false, context=null}, applicationName='null', compressorList=[], uuidRepresentation=JAVA_LEGACY, serverApi=null, autoEncryptionSettings=null, dnsClient=null, inetAddressResolver=null, contextProvider=null, timeoutMS=null}
2025-04-23T02:45:26.566+02:00  INFO 26448 --- [mini-project-2] [localhost:27017] org.mongodb.driver.cluster               : Monitor thread successfully connected to server with description ServerDescription{address=localhost:27017, type=STANDALONE, cryptd=false, state=CONNECTED, ok=true, minWireVersion=0, maxWireVersion=25, maxDocumentSize=16777216, logicalSessionTimeoutMinutes=30, roundTripTimeNanos=17271800, minRoundTripTimeNanos=0}
2025-04-23T02:45:26.850+02:00  WARN 26448 --- [mini-project-2] [           main] JpaBaseConfiguration$JpaWebConfiguration : spring.jpa.open-in-view is enabled by default. Therefore, database queries may be performed during view rendering. Explicitly configure spring.jpa.open-in-view to disable this warning
2025-04-23T02:45:26.871+02:00  WARN 26448 --- [mini-project-2] [           main] .s.s.UserDetailsServiceAutoConfiguration : 

Using generated security password: e1fb160c-a714-4054-896e-3495a85d9643

This generated password is for development use only. Your security configuration must be updated before running your application in production.

2025-04-23T02:45:26.886+02:00  INFO 26448 --- [mini-project-2] [           main] r$InitializeUserDetailsManagerConfigurer : Global AuthenticationManager configured with UserDetailsService bean with name inMemoryUserDetailsManager
2025-04-23T02:45:27.258+02:00  INFO 26448 --- [mini-project-2] [           main] o.s.v.b.OptionalValidatorFactoryBean     : Failed to set up a Bean Validation provider: jakarta.validation.NoProviderFoundException: Unable to create a Configuration, because no Jakarta Validation provider could be found. Add a provider like Hibernate Validator (RI) to your classpath.
2025-04-23T02:45:27.435+02:00  INFO 26448 --- [mini-project-2] [           main] com.example.Mini2ApplicationTests        : Started Mini2ApplicationTests in 4.354 seconds (process running for 5.226)
2025-04-23T02:45:27.825+02:00 DEBUG 26448 --- [mini-project-2] [           main] o.s.data.mongodb.core.MongoTemplate      : Remove using query: {} in collection: ratings.
]]></system-out>
    <system-err><![CDATA[Mockito is currently self-attaching to enable the inline-mock-maker. This will no longer work in future releases of the JDK. Please add Mockito as an agent to your build what is described in Mockito's documentation: https://javadoc.io/doc/org.mockito/mockito-core/latest/org/mockito/Mockito.html#0.3
WARNING: A Java agent has been loaded dynamically (C:\Users\DELL\.m2\repository\net\bytebuddy\byte-buddy-agent\1.15.11\byte-buddy-agent-1.15.11.jar)
WARNING: If a serviceability tool is in use, please run with -XX:+EnableDynamicAgentLoading to hide this warning
WARNING: If a serviceability tool is not in use, please run with -Djdk.instrument.traceUsage for more information
WARNING: Dynamic loading of agents will be disallowed by default in a future release
]]></system-err>
  </testcase>
  <testcase name="testControllerGetCaptainsByRatingNoResults" classname="com.example.Mini2ApplicationTests" time="0.204">
    <system-out><![CDATA[2025-04-23T02:45:28.208+02:00 DEBUG 26448 --- [mini-project-2] [           main] o.s.data.mongodb.core.MongoTemplate      : Remove using query: {} in collection: ratings.
Hibernate: 
    /* insert for
        com.example.miniapp.models.Captain */insert 
    into
        captains (avg_rating_score, license_number, name) 
    values
        (?, ?, ?)
]]></system-out>
  </testcase>
  <testcase name="testControllerFindRatingsAboveScore" classname="com.example.Mini2ApplicationTests" time="0.106">
    <system-out><![CDATA[2025-04-23T02:45:28.412+02:00 DEBUG 26448 --- [mini-project-2] [           main] o.s.data.mongodb.core.MongoTemplate      : Remove using query: {} in collection: ratings.
2025-04-23T02:45:28.428+02:00 DEBUG 26448 --- [mini-project-2] [           main] o.s.data.mongodb.core.MongoTemplate      : Inserting Document containing fields: [entityId, entityType, score, comment, created, _class] in collection: ratings
2025-04-23T02:45:28.440+02:00 DEBUG 26448 --- [mini-project-2] [           main] o.s.data.mongodb.core.MongoTemplate      : Inserting Document containing fields: [entityId, entityType, score, comment, created, _class] in collection: ratings
]]></system-out>
  </testcase>
  <testcase name="testControllerFindRatingsByEntity" classname="com.example.Mini2ApplicationTests" time="0.027">
    <system-out><![CDATA[2025-04-23T02:45:28.521+02:00 DEBUG 26448 --- [mini-project-2] [           main] o.s.data.mongodb.core.MongoTemplate      : Remove using query: {} in collection: ratings.
2025-04-23T02:45:28.524+02:00 DEBUG 26448 --- [mini-project-2] [           main] o.s.data.mongodb.core.MongoTemplate      : Inserting Document containing fields: [entityId, entityType, score, comment, created, _class] in collection: ratings
2025-04-23T02:45:28.526+02:00 DEBUG 26448 --- [mini-project-2] [           main] o.s.data.mongodb.core.MongoTemplate      : Inserting Document containing fields: [entityId, entityType, score, comment, created, _class] in collection: ratings
]]></system-out>
  </testcase>
  <testcase name="testControllerUpdateRating" classname="com.example.Mini2ApplicationTests" time="0.134">
    <system-out><![CDATA[2025-04-23T02:45:28.550+02:00 DEBUG 26448 --- [mini-project-2] [           main] o.s.data.mongodb.core.MongoTemplate      : Remove using query: {} in collection: ratings.
2025-04-23T02:45:28.554+02:00 DEBUG 26448 --- [mini-project-2] [           main] o.s.data.mongodb.core.MongoTemplate      : Inserting Document containing fields: [entityId, entityType, score, comment, created, _class] in collection: ratings
]]></system-out>
  </testcase>
  <testcase name="testControllerDeleteRating" classname="com.example.Mini2ApplicationTests" time="0.03">
    <system-out><![CDATA[2025-04-23T02:45:28.684+02:00 DEBUG 26448 --- [mini-project-2] [           main] o.s.data.mongodb.core.MongoTemplate      : Remove using query: {} in collection: ratings.
2025-04-23T02:45:28.687+02:00 DEBUG 26448 --- [mini-project-2] [           main] o.s.data.mongodb.core.MongoTemplate      : Inserting Document containing fields: [entityId, entityType, score, comment, created, _class] in collection: ratings
]]></system-out>
  </testcase>
  <testcase name="testControllerFindRatingsAboveScoreNoneFound" classname="com.example.Mini2ApplicationTests" time="0.017">
    <system-out><![CDATA[2025-04-23T02:45:28.716+02:00 DEBUG 26448 --- [mini-project-2] [           main] o.s.data.mongodb.core.MongoTemplate      : Remove using query: {} in collection: ratings.
2025-04-23T02:45:28.719+02:00 DEBUG 26448 --- [mini-project-2] [           main] o.s.data.mongodb.core.MongoTemplate      : Inserting Document containing fields: [entityId, entityType, score, comment, created, _class] in collection: ratings
]]></system-out>
  </testcase>
  <testcase name="testControllerAddRating" classname="com.example.Mini2ApplicationTests" time="0.082">
    <system-out><![CDATA[2025-04-23T02:45:28.735+02:00 DEBUG 26448 --- [mini-project-2] [           main] o.s.data.mongodb.core.MongoTemplate      : Remove using query: {} in collection: ratings.
]]></system-out>
  </testcase>
  <testcase name="testControllerFindRatingsByEntityNotFound" classname="com.example.Mini2ApplicationTests" time="0.013">
    <system-out><![CDATA[2025-04-23T02:45:28.817+02:00 DEBUG 26448 --- [mini-project-2] [           main] o.s.data.mongodb.core.MongoTemplate      : Remove using query: {} in collection: ratings.
]]></system-out>
  </testcase>
  <testcase name="contextLoads" classname="com.example.Mini2ApplicationTests" time="0.006">
    <system-out><![CDATA[2025-04-23T02:45:28.832+02:00 DEBUG 26448 --- [mini-project-2] [           main] o.s.data.mongodb.core.MongoTemplate      : Remove using query: {} in collection: ratings.
]]></system-out>
  </testcase>
</testsuite>