<?xml version="1.0" encoding="UTF-8"?>
<testsuite xmlns:xsi="http://www.w3.org/2001/XMLSchema-instance" xsi:noNamespaceSchemaLocation="https://maven.apache.org/surefire/maven-surefire-plugin/xsd/surefire-test-report.xsd" version="3.0.2" name="com.example.Mini2ApplicationTests" time="9.5" tests="10" errors="0" skipped="0" failures="0">
  <properties>
[...]
</properties>
  <testcase name="testControllerGetAllTrips" classname="com.example.Mini2ApplicationTests" time="1.125">
    <system-out><![CDATA[17:51:34.703 [main] INFO org.springframework.test.context.support.AnnotationConfigContextLoaderUtils -- Could not detect default configuration classes for test class [com.example.Mini2ApplicationTests]: Mini2ApplicationTests does not declare any static, non-private, non-final, nested classes annotated with @Configuration.
17:51:35.068 [main] INFO org.springframework.boot.test.context.SpringBootTestContextBootstrapper -- Found @SpringBootConfiguration com.example.Application for test class com.example.Mini2ApplicationTests

  .   ____          _            __ _ _
 /\\ / ___'_ __ _ _(_)_ __  __ _ \ \ \ \
( ( )\___ | '_ | '_| | '_ \/ _` | \ \ \ \
 \\/  ___)| |_)| | | | | || (_| |  ) ) ) )
  '  |____| .__|_| |_|_| |_\__, | / / / /
 =========|_|==============|___/=/_/_/_/

 :: Spring Boot ::                (v3.4.4)

2025-04-22T17:51:35.783+02:00  INFO 28212 --- [mini-project-2] [           main] com.example.Mini2ApplicationTests        : Starting Mini2ApplicationTests using Java 23.0.2 with PID 28212 (started by omar1 in D:\ACL 10\mini_proj_2\Mini2-24-0.9_Engineers)
2025-04-22T17:51:35.785+02:00  INFO 28212 --- [mini-project-2] [           main] com.example.Mini2ApplicationTests        : No active profile set, falling back to 1 default profile: "default"
2025-04-22T17:51:36.853+02:00  INFO 28212 --- [mini-project-2] [           main] .s.d.r.c.RepositoryConfigurationDelegate : Multiple Spring Data modules found, entering strict repository configuration mode
2025-04-22T17:51:36.855+02:00  INFO 28212 --- [mini-project-2] [           main] .s.d.r.c.RepositoryConfigurationDelegate : Bootstrapping Spring Data JPA repositories in DEFAULT mode.
2025-04-22T17:51:36.981+02:00  INFO 28212 --- [mini-project-2] [           main] .s.d.r.c.RepositoryConfigurationDelegate : Finished Spring Data repository scanning in 103 ms. Found 5 JPA repository interfaces.
2025-04-22T17:51:37.051+02:00  INFO 28212 --- [mini-project-2] [           main] .s.d.r.c.RepositoryConfigurationDelegate : Multiple Spring Data modules found, entering strict repository configuration mode
2025-04-22T17:51:37.052+02:00  INFO 28212 --- [mini-project-2] [           main] .s.d.r.c.RepositoryConfigurationDelegate : Bootstrapping Spring Data MongoDB repositories in DEFAULT mode.
2025-04-22T17:51:37.067+02:00  INFO 28212 --- [mini-project-2] [           main] .RepositoryConfigurationExtensionSupport : Spring Data MongoDB - Could not safely identify store assignment for repository candidate interface com.example.miniapp.repositories.CaptainRepository; If you want this repository to be a MongoDB repository, consider annotating your entities with one of these annotations: org.springframework.data.mongodb.core.mapping.Document (preferred), or consider extending one of the following types with your repository: org.springframework.data.mongodb.repository.MongoRepository
2025-04-22T17:51:37.068+02:00  INFO 28212 --- [mini-project-2] [           main] .RepositoryConfigurationExtensionSupport : Spring Data MongoDB - Could not safely identify store assignment for repository candidate interface com.example.miniapp.repositories.CustomerRepository; If you want this repository to be a MongoDB repository, consider annotating your entities with one of these annotations: org.springframework.data.mongodb.core.mapping.Document (preferred), or consider extending one of the following types with your repository: org.springframework.data.mongodb.repository.MongoRepository
2025-04-22T17:51:37.068+02:00  INFO 28212 --- [mini-project-2] [           main] .RepositoryConfigurationExtensionSupport : Spring Data MongoDB - Could not safely identify store assignment for repository candidate interface com.example.miniapp.repositories.PaymentRepository; If you want this repository to be a MongoDB repository, consider annotating your entities with one of these annotations: org.springframework.data.mongodb.core.mapping.Document (preferred), or consider extending one of the following types with your repository: org.springframework.data.mongodb.repository.MongoRepository
2025-04-22T17:51:37.069+02:00  INFO 28212 --- [mini-project-2] [           main] .RepositoryConfigurationExtensionSupport : Spring Data MongoDB - Could not safely identify store assignment for repository candidate interface com.example.miniapp.repositories.RatingRepository; If you want this repository to be a MongoDB repository, consider annotating your entities with one of these annotations: org.springframework.data.mongodb.core.mapping.Document (preferred), or consider extending one of the following types with your repository: org.springframework.data.mongodb.repository.MongoRepository
2025-04-22T17:51:37.070+02:00  INFO 28212 --- [mini-project-2] [           main] .RepositoryConfigurationExtensionSupport : Spring Data MongoDB - Could not safely identify store assignment for repository candidate interface com.example.miniapp.repositories.TripRepository; If you want this repository to be a MongoDB repository, consider annotating your entities with one of these annotations: org.springframework.data.mongodb.core.mapping.Document (preferred), or consider extending one of the following types with your repository: org.springframework.data.mongodb.repository.MongoRepository
2025-04-22T17:51:37.070+02:00  INFO 28212 --- [mini-project-2] [           main] .s.d.r.c.RepositoryConfigurationDelegate : Finished Spring Data repository scanning in 17 ms. Found 0 MongoDB repository interfaces.
2025-04-22T17:51:37.791+02:00  INFO 28212 --- [mini-project-2] [           main] o.hibernate.jpa.internal.util.LogHelper  : HHH000204: Processing PersistenceUnitInfo [name: default]
2025-04-22T17:51:37.879+02:00  INFO 28212 --- [mini-project-2] [           main] org.hibernate.Version                    : HHH000412: Hibernate ORM core version 6.6.11.Final
2025-04-22T17:51:37.945+02:00  INFO 28212 --- [mini-project-2] [           main] o.h.c.internal.RegionFactoryInitiator    : HHH000026: Second-level cache disabled
2025-04-22T17:51:38.351+02:00  INFO 28212 --- [mini-project-2] [           main] o.s.o.j.p.SpringPersistenceUnitInfo      : No LoadTimeWeaver setup: ignoring JPA class transformer
2025-04-22T17:51:38.383+02:00  INFO 28212 --- [mini-project-2] [           main] com.zaxxer.hikari.HikariDataSource       : HikariPool-1 - Starting...
2025-04-22T17:51:38.627+02:00  INFO 28212 --- [mini-project-2] [           main] com.zaxxer.hikari.pool.HikariPool        : HikariPool-1 - Added connection org.postgresql.jdbc.PgConnection@59fea5f5
2025-04-22T17:51:38.631+02:00  INFO 28212 --- [mini-project-2] [           main] com.zaxxer.hikari.HikariDataSource       : HikariPool-1 - Start completed.
2025-04-22T17:51:38.676+02:00  WARN 28212 --- [mini-project-2] [           main] org.hibernate.orm.deprecation            : HHH90000025: PostgreSQLDialect does not need to be specified explicitly using 'hibernate.dialect' (remove the property setting and it will be selected by default)
2025-04-22T17:51:38.720+02:00  INFO 28212 --- [mini-project-2] [           main] org.hibernate.orm.connections.pooling    : HHH10001005: Database info:
	Database JDBC URL [Connecting through datasource 'HikariDataSource (HikariPool-1)']
	Database driver: undefined/unknown
	Database version: 17.4
	Autocommit mode: undefined/unknown
	Isolation level: undefined/unknown
	Minimum pool size: undefined/unknown
	Maximum pool size: undefined/unknown
2025-04-22T17:51:39.758+02:00  INFO 28212 --- [mini-project-2] [           main] o.h.m.i.EntityInstantiatorPojoStandard   : HHH000182: No default (no-argument) constructor for class: com.example.miniapp.models.Rating (class must be instantiated by Interceptor)
2025-04-22T17:51:40.025+02:00  INFO 28212 --- [mini-project-2] [           main] o.h.e.t.j.p.i.JtaPlatformInitiator       : HHH000489: No JTA platform available (set 'hibernate.transaction.jta.platform' to enable JTA platform integration)
Hibernate: 
    set client_min_messages = WARNING
Hibernate: 
    alter table if exists payments 
       drop constraint if exists FKk1k4eds595iabbddfl58901jm
Hibernate: 
    alter table if exists trips 
       drop constraint if exists FKg9rsgwy9g2gtwtjw142wlgo97
Hibernate: 
    alter table if exists trips 
       drop constraint if exists FKnghaxh3sjtlbwd9a1oag294q0
Hibernate: 
    drop table if exists captains cascade
Hibernate: 
    drop table if exists customers cascade
Hibernate: 
    drop table if exists payments cascade
Hibernate: 
    drop table if exists ratings cascade
Hibernate: 
    drop table if exists trips cascade
Hibernate: 
    create table captains (
        avg_rating_score float(53) not null,
        id bigint generated by default as identity,
        license_number varchar(255),
        name varchar(255),
        primary key (id)
    )
Hibernate: 
    create table customers (
        id bigint generated by default as identity,
        email varchar(255),
        name varchar(255),
        phone_number varchar(255),
        primary key (id)
    )
Hibernate: 
    create table payments (
        amount float(53) not null,
        payment_status boolean not null,
        id bigint generated by default as identity,
        trip_id bigint not null unique,
        payment_method varchar(255),
        primary key (id)
    )
Hibernate: 
    create table ratings (
        score integer,
        created timestamp(6),
        entity_id bigint,
        id bigint generated by default as identity,
        comment varchar(255),
        entity_type varchar(255),
        primary key (id)
    )
Hibernate: 
    create table trips (
        trip_cost float(53) not null,
        captain_id bigint,
        customer_id bigint,
        id bigint generated by default as identity,
        trip_date timestamp(6),
        destination varchar(255),
        origin varchar(255),
        primary key (id)
    )
Hibernate: 
    alter table if exists payments 
       add constraint FKk1k4eds595iabbddfl58901jm 
       foreign key (trip_id) 
       references trips
Hibernate: 
    alter table if exists trips 
       add constraint FKg9rsgwy9g2gtwtjw142wlgo97 
       foreign key (captain_id) 
       references captains
Hibernate: 
    alter table if exists trips 
       add constraint FKnghaxh3sjtlbwd9a1oag294q0 
       foreign key (customer_id) 
       references customers
2025-04-22T17:51:40.105+02:00  INFO 28212 --- [mini-project-2] [           main] j.LocalContainerEntityManagerFactoryBean : Initialized JPA EntityManagerFactory for persistence unit 'default'
2025-04-22T17:51:40.787+02:00  WARN 28212 --- [mini-project-2] [           main] JpaBaseConfiguration$JpaWebConfiguration : spring.jpa.open-in-view is enabled by default. Therefore, database queries may be performed during view rendering. Explicitly configure spring.jpa.open-in-view to disable this warning
2025-04-22T17:51:40.843+02:00  INFO 28212 --- [mini-project-2] [           main] o.s.v.b.OptionalValidatorFactoryBean     : Failed to set up a Bean Validation provider: jakarta.validation.NoProviderFoundException: Unable to create a Configuration, because no Jakarta Validation provider could be found. Add a provider like Hibernate Validator (RI) to your classpath.
2025-04-22T17:51:41.423+02:00  INFO 28212 --- [mini-project-2] [           main] org.mongodb.driver.client                : MongoClient with metadata {"driver": {"name": "mongo-java-driver|sync|spring-boot", "version": "5.2.1"}, "os": {"type": "Windows", "name": "Windows 11", "architecture": "amd64", "version": "10.0"}, "platform": "Java/Oracle Corporation/23.0.2+7-58"} created with settings MongoClientSettings{readPreference=primary, writeConcern=WriteConcern{w=null, wTimeout=null ms, journal=null}, retryWrites=true, retryReads=true, readConcern=ReadConcern{level=null}, credential=MongoCredential{mechanism=null, userName='admin', source='admin', password=<hidden>, mechanismProperties=<hidden>}, transportSettings=null, commandListeners=[], codecRegistry=ProvidersCodecRegistry{codecProviders=[ValueCodecProvider{}, BsonValueCodecProvider{}, DBRefCodecProvider{}, DBObjectCodecProvider{}, DocumentCodecProvider{}, CollectionCodecProvider{}, IterableCodecProvider{}, MapCodecProvider{}, GeoJsonCodecProvider{}, GridFSFileCodecProvider{}, Jsr310CodecProvider{}, JsonObjectCodecProvider{}, BsonCodecProvider{}, EnumCodecProvider{}, com.mongodb.client.model.mql.ExpressionCodecProvider@589a82af, com.mongodb.Jep395RecordCodecProvider@5edce7da, com.mongodb.KotlinCodecProvider@f69e35a]}, loggerSettings=LoggerSettings{maxDocumentLength=1000}, clusterSettings={hosts=[localhost:27017], srvServiceName=mongodb, mode=SINGLE, requiredClusterType=UNKNOWN, requiredReplicaSetName='null', serverSelector='null', clusterListeners='[]', serverSelectionTimeout='30000 ms', localThreshold='15 ms'}, socketSettings=SocketSettings{connectTimeoutMS=10000, readTimeoutMS=0, receiveBufferSize=0, proxySettings=ProxySettings{host=null, port=null, username=null, password=null}}, heartbeatSocketSettings=SocketSettings{connectTimeoutMS=10000, readTimeoutMS=10000, receiveBufferSize=0, proxySettings=ProxySettings{host=null, port=null, username=null, password=null}}, connectionPoolSettings=ConnectionPoolSettings{maxSize=100, minSize=0, maxWaitTimeMS=120000, maxConnectionLifeTimeMS=0, maxConnectionIdleTimeMS=0, maintenanceInitialDelayMS=0, maintenanceFrequencyMS=60000, connectionPoolListeners=[], maxConnecting=2}, serverSettings=ServerSettings{heartbeatFrequencyMS=10000, minHeartbeatFrequencyMS=500, serverMonitoringMode=AUTO, serverListeners='[]', serverMonitorListeners='[]'}, sslSettings=SslSettings{enabled=false, invalidHostNameAllowed=false, context=null}, applicationName='null', compressorList=[], uuidRepresentation=JAVA_LEGACY, serverApi=null, autoEncryptionSettings=null, dnsClient=null, inetAddressResolver=null, contextProvider=null, timeoutMS=null}
2025-04-22T17:51:41.532+02:00  INFO 28212 --- [mini-project-2] [localhost:27017] org.mongodb.driver.cluster               : Monitor thread successfully connected to server with description ServerDescription{address=localhost:27017, type=STANDALONE, cryptd=false, state=CONNECTED, ok=true, minWireVersion=0, maxWireVersion=21, maxDocumentSize=16777216, logicalSessionTimeoutMinutes=30, roundTripTimeNanos=118331200, minRoundTripTimeNanos=0}
2025-04-22T17:51:41.757+02:00  INFO 28212 --- [mini-project-2] [           main] com.example.Mini2ApplicationTests        : Started Mini2ApplicationTests in 6.471 seconds (process running for 8.546)
Hibernate: 
    /* <criteria> */ select
        r1_0.id,
        r1_0.comment,
        r1_0.created,
        r1_0.entity_id,
        r1_0.entity_type,
        r1_0.score 
    from
        ratings r1_0
]]></system-out>
    <system-err><![CDATA[Mockito is currently self-attaching to enable the inline-mock-maker. This will no longer work in future releases of the JDK. Please add Mockito as an agent to your build what is described in Mockito's documentation: https://javadoc.io/doc/org.mockito/mockito-core/latest/org/mockito/Mockito.html#0.3
WARNING: A Java agent has been loaded dynamically (C:\Users\omar1\.m2\repository\net\bytebuddy\byte-buddy-agent\1.15.11\byte-buddy-agent-1.15.11.jar)
WARNING: If a serviceability tool is in use, please run with -XX:+EnableDynamicAgentLoading to hide this warning
WARNING: If a serviceability tool is not in use, please run with -Djdk.instrument.traceUsage for more information
WARNING: Dynamic loading of agents will be disallowed by default in a future release
]]></system-err>
  </testcase>
  <testcase name="testControllerFindTripsWithinDateRange" classname="com.example.Mini2ApplicationTests" time="0.199">
    <system-out><![CDATA[Hibernate: 
    /* <criteria> */ select
        r1_0.id,
        r1_0.comment,
        r1_0.created,
        r1_0.entity_id,
        r1_0.entity_type,
        r1_0.score 
    from
        ratings r1_0
Hibernate: 
    /* insert for
        com.example.miniapp.models.Trip */insert 
    into
        trips (captain_id, customer_id, destination, origin, trip_cost, trip_date) 
    values
        (?, ?, ?, ?, ?, ?)
]]></system-out>
  </testcase>
  <testcase name="testControllerAddTrip" classname="com.example.Mini2ApplicationTests" time="0.21">
    <system-out><![CDATA[Hibernate: 
    /* <criteria> */ select
        r1_0.id,
        r1_0.comment,
        r1_0.created,
        r1_0.entity_id,
        r1_0.entity_type,
        r1_0.score 
    from
        ratings r1_0
]]></system-out>
  </testcase>
  <testcase name="testControllerDeleteNonExistingTrip" classname="com.example.Mini2ApplicationTests" time="0.049">
    <system-out><![CDATA[Hibernate: 
    /* <criteria> */ select
        r1_0.id,
        r1_0.comment,
        r1_0.created,
        r1_0.entity_id,
        r1_0.entity_type,
        r1_0.score 
    from
        ratings r1_0
]]></system-out>
  </testcase>
  <testcase name="testControllerDeleteTrip" classname="com.example.Mini2ApplicationTests" time="0.061">
    <system-out><![CDATA[Hibernate: 
    /* <criteria> */ select
        r1_0.id,
        r1_0.comment,
        r1_0.created,
        r1_0.entity_id,
        r1_0.entity_type,
        r1_0.score 
    from
        ratings r1_0
Hibernate: 
    /* insert for
        com.example.miniapp.models.Trip */insert 
    into
        trips (captain_id, customer_id, destination, origin, trip_cost, trip_date) 
    values
        (?, ?, ?, ?, ?, ?)
]]></system-out>
  </testcase>
  <testcase name="testControllerFindTripsByCaptainIdNotFound" classname="com.example.Mini2ApplicationTests" time="0.042">
    <system-out><![CDATA[Hibernate: 
    /* <criteria> */ select
        r1_0.id,
        r1_0.comment,
        r1_0.created,
        r1_0.entity_id,
        r1_0.entity_type,
        r1_0.score 
    from
        ratings r1_0
]]></system-out>
  </testcase>
  <testcase name="contextLoads" classname="com.example.Mini2ApplicationTests" time="0.037">
    <system-out><![CDATA[Hibernate: 
    /* <criteria> */ select
        r1_0.id,
        r1_0.comment,
        r1_0.created,
        r1_0.entity_id,
        r1_0.entity_type,
        r1_0.score 
    from
        ratings r1_0
]]></system-out>
  </testcase>
  <testcase name="testControllerFindTripsWithinDateRangeNoResults" classname="com.example.Mini2ApplicationTests" time="0.041">
    <system-out><![CDATA[Hibernate: 
    /* <criteria> */ select
        r1_0.id,
        r1_0.comment,
        r1_0.created,
        r1_0.entity_id,
        r1_0.entity_type,
        r1_0.score 
    from
        ratings r1_0
]]></system-out>
  </testcase>
  <testcase name="testControllerGetTripById" classname="com.example.Mini2ApplicationTests" time="0.051">
    <system-out><![CDATA[Hibernate: 
    /* <criteria> */ select
        r1_0.id,
        r1_0.comment,
        r1_0.created,
        r1_0.entity_id,
        r1_0.entity_type,
        r1_0.score 
    from
        ratings r1_0
Hibernate: 
    /* insert for
        com.example.miniapp.models.Trip */insert 
    into
        trips (captain_id, customer_id, destination, origin, trip_cost, trip_date) 
    values
        (?, ?, ?, ?, ?, ?)
]]></system-out>
  </testcase>
  <testcase name="testControllerUpdateTrip" classname="com.example.Mini2ApplicationTests" time="0.068">
    <system-out><![CDATA[Hibernate: 
    /* <criteria> */ select
        r1_0.id,
        r1_0.comment,
        r1_0.created,
        r1_0.entity_id,
        r1_0.entity_type,
        r1_0.score 
    from
        ratings r1_0
Hibernate: 
    /* insert for
        com.example.miniapp.models.Trip */insert 
    into
        trips (captain_id, customer_id, destination, origin, trip_cost, trip_date) 
    values
        (?, ?, ?, ?, ?, ?)
]]></system-out>
  </testcase>
</testsuite>